<?xml version="1.0" encoding="UTF-8"?>
<testsuite xmlns:xsi="http://www.w3.org/2001/XMLSchema-instance" xsi:noNamespaceSchemaLocation="https://maven.apache.org/surefire/maven-surefire-plugin/xsd/surefire-test-report-3.0.xsd" version="3.0" name="v.talk.VTalkApplicationTests" time="1.36" tests="1" errors="0" skipped="0" failures="0">
  <properties>
[...]
</properties>
  <testcase name="contextLoads" classname="v.talk.VTalkApplicationTests" time="0.386">
    <system-out><![CDATA[14:15:14.951 [main] INFO org.springframework.test.context.support.AnnotationConfigContextLoaderUtils -- Could not detect default configuration classes for test class [v.talk.VTalkApplicationTests]: VTalkApplicationTests does not declare any static, non-private, non-final, nested classes annotated with @Configuration.
14:15:14.990 [main] INFO org.springframework.boot.test.context.SpringBootTestContextBootstrapper -- Found @SpringBootConfiguration v.talk.VTalkApplication for test class v.talk.VTalkApplicationTests

  .   ____          _            __ _ _
 /\\ / ___'_ __ _ _(_)_ __  __ _ \ \ \ \
( ( )\___ | '_ | '_| | '_ \/ _` | \ \ \ \
 \\/  ___)| |_)| | | | | || (_| |  ) ) ) )
  '  |____| .__|_| |_|_| |_\__, | / / / /
 =========|_|==============|___/=/_/_/_/
 :: Spring Boot ::                (v3.2.1)

2024-06-24T14:15:15.117+05:30  INFO 99874 --- [           main] v.talk.VTalkApplicationTests             : Starting VTalkApplicationTests using Java 17.0.6 with PID 99874 (started by darshan in /Users/darshan/VTalk/vtalk-backend)
2024-06-24T14:15:15.118+05:30  INFO 99874 --- [           main] v.talk.VTalkApplicationTests             : No active profile set, falling back to 1 default profile: "default"
2024-06-24T14:15:15.334+05:30  INFO 99874 --- [           main] .s.d.r.c.RepositoryConfigurationDelegate : Bootstrapping Spring Data MongoDB repositories in DEFAULT mode.
2024-06-24T14:15:15.357+05:30  INFO 99874 --- [           main] .s.d.r.c.RepositoryConfigurationDelegate : Finished Spring Data repository scanning in 17 ms. Found 3 MongoDB repository interfaces.
2024-06-24T14:15:15.554+05:30  INFO 99874 --- [           main] org.mongodb.driver.client                : MongoClient with metadata {"driver": {"name": "mongo-java-driver|sync|spring-boot", "version": "4.11.1"}, "os": {"type": "Darwin", "name": "Mac OS X", "architecture": "aarch64", "version": "14.4.1"}, "platform": "Java/Oracle Corporation/17.0.6+9-LTS-190"} created with settings MongoClientSettings{readPreference=primary, writeConcern=WriteConcern{w=majority, wTimeout=null ms, journal=null}, retryWrites=true, retryReads=true, readConcern=ReadConcern{level=null}, credential=MongoCredential{mechanism=null, userName='dgolchha', source='admin', password=<hidden>, mechanismProperties=<hidden>}, transportSettings=null, streamFactoryFactory=null, commandListeners=[], codecRegistry=ProvidersCodecRegistry{codecProviders=[ValueCodecProvider{}, BsonValueCodecProvider{}, DBRefCodecProvider{}, DBObjectCodecProvider{}, DocumentCodecProvider{}, CollectionCodecProvider{}, IterableCodecProvider{}, MapCodecProvider{}, GeoJsonCodecProvider{}, GridFSFileCodecProvider{}, Jsr310CodecProvider{}, JsonObjectCodecProvider{}, BsonCodecProvider{}, EnumCodecProvider{}, com.mongodb.client.model.mql.ExpressionCodecProvider@e95595b, com.mongodb.Jep395RecordCodecProvider@5a917723, com.mongodb.KotlinCodecProvider@7e4579c7]}, loggerSettings=LoggerSettings{maxDocumentLength=1000}, clusterSettings={hosts=[127.0.0.1:27017], srvHost=cluster0.eezlor5.mongodb.net, srvServiceName=mongodb, mode=MULTIPLE, requiredClusterType=REPLICA_SET, requiredReplicaSetName='atlas-qo08eg-shard-0', serverSelector='null', clusterListeners='[]', serverSelectionTimeout='30000 ms', localThreshold='15 ms'}, socketSettings=SocketSettings{connectTimeoutMS=10000, readTimeoutMS=0, receiveBufferSize=0, proxySettings=ProxySettings{host=null, port=null, username=null, password=null}}, heartbeatSocketSettings=SocketSettings{connectTimeoutMS=10000, readTimeoutMS=10000, receiveBufferSize=0, proxySettings=ProxySettings{host=null, port=null, username=null, password=null}}, connectionPoolSettings=ConnectionPoolSettings{maxSize=100, minSize=0, maxWaitTimeMS=120000, maxConnectionLifeTimeMS=0, maxConnectionIdleTimeMS=0, maintenanceInitialDelayMS=0, maintenanceFrequencyMS=60000, connectionPoolListeners=[], maxConnecting=2}, serverSettings=ServerSettings{heartbeatFrequencyMS=10000, minHeartbeatFrequencyMS=500, serverListeners='[]', serverMonitorListeners='[]'}, sslSettings=SslSettings{enabled=true, invalidHostNameAllowed=false, context=null}, applicationName='null', compressorList=[], uuidRepresentation=JAVA_LEGACY, serverApi=null, autoEncryptionSettings=null, dnsClient=null, inetAddressResolver=null, contextProvider=null}
2024-06-24T14:15:15.555+05:30  INFO 99874 --- [or5.mongodb.net] org.mongodb.driver.cluster               : Adding discovered server ac-fgl9fhv-shard-00-00.eezlor5.mongodb.net:27017 to client view of cluster
2024-06-24T14:15:15.563+05:30  INFO 99874 --- [or5.mongodb.net] org.mongodb.driver.cluster               : Adding discovered server ac-fgl9fhv-shard-00-01.eezlor5.mongodb.net:27017 to client view of cluster
2024-06-24T14:15:15.564+05:30  INFO 99874 --- [or5.mongodb.net] org.mongodb.driver.cluster               : Adding discovered server ac-fgl9fhv-shard-00-02.eezlor5.mongodb.net:27017 to client view of cluster
2024-06-24T14:15:15.848+05:30  INFO 99874 --- [           main] o.s.m.s.b.SimpleBrokerMessageHandler     : Starting...
2024-06-24T14:15:15.848+05:30  INFO 99874 --- [           main] o.s.m.s.b.SimpleBrokerMessageHandler     : BrokerAvailabilityEvent[available=true, SimpleBrokerMessageHandler [org.springframework.messaging.simp.broker.DefaultSubscriptionRegistry@7f5ce33e]]
2024-06-24T14:15:15.849+05:30  INFO 99874 --- [           main] o.s.m.s.b.SimpleBrokerMessageHandler     : Started.
2024-06-24T14:15:15.852+05:30  INFO 99874 --- [           main] v.talk.VTalkApplicationTests             : Started VTalkApplicationTests in 0.813 seconds (process running for 1.147)
]]></system-out>
  </testcase>
</testsuite>